{"level":"info","message":"🚀 Iniciando HackBCN Payment Platform...","service":"hackbcn-payment-platform","timestamp":"2025-06-09T02:01:02.105Z"}
{"level":"info","message":"✅ Base de datos inicializada","service":"hackbcn-payment-platform","timestamp":"2025-06-09T02:01:02.107Z"}
{"level":"info","message":"ℹ️  Usuario administrador ya existe","service":"hackbcn-payment-platform","timestamp":"2025-06-09T02:01:02.109Z"}
{"level":"info","message":"🎫 HackBCN Payment Platform corriendo en puerto 3001","service":"hackbcn-payment-platform","timestamp":"2025-06-09T02:01:02.112Z"}
{"level":"info","message":"📖 Documentación disponible en http://localhost:3001/api/info","service":"hackbcn-payment-platform","timestamp":"2025-06-09T02:01:02.112Z"}
{"level":"info","message":"🔗 Health check en http://localhost:3001/api/health","service":"hackbcn-payment-platform","timestamp":"2025-06-09T02:01:02.112Z"}
{"ip":"::1","level":"info","message":"GET /api/health","service":"hackbcn-payment-platform","timestamp":"2025-06-09T02:01:14.865Z","userAgent":"curl/8.7.1"}
{"ip":"::1","level":"info","message":"GET /api/info","service":"hackbcn-payment-platform","timestamp":"2025-06-09T02:01:23.287Z","userAgent":"curl/8.7.1"}
{"ip":"::1","level":"info","message":"POST /api/auth/login","service":"hackbcn-payment-platform","timestamp":"2025-06-09T02:01:28.988Z","userAgent":"curl/8.7.1"}
{"ip":"::1","level":"info","message":"POST /auth/login","service":"hackbcn-payment-platform","timestamp":"2025-06-09T02:01:36.216Z","userAgent":"curl/8.7.1"}
{"ip":"::1","level":"info","message":"GET /api/events","service":"hackbcn-payment-platform","timestamp":"2025-06-09T02:02:05.919Z","userAgent":"curl/8.7.1"}
{"level":"info","message":"🔄 Cerrando aplicación gracefully...","service":"hackbcn-payment-platform","timestamp":"2025-06-09T02:10:45.182Z"}
{"level":"info","message":"🚀 Iniciando HackBCN Payment Platform...","service":"hackbcn-payment-platform","timestamp":"2025-06-09T02:10:47.828Z"}
{"level":"info","message":"✅ Base de datos inicializada","service":"hackbcn-payment-platform","timestamp":"2025-06-09T02:10:47.830Z"}
{"level":"info","message":"ℹ️  Usuario administrador ya existe","service":"hackbcn-payment-platform","timestamp":"2025-06-09T02:10:47.832Z"}
{"level":"info","message":"🎫 HackBCN Payment Platform corriendo en puerto 3001","service":"hackbcn-payment-platform","timestamp":"2025-06-09T02:10:47.835Z"}
{"level":"info","message":"📖 Documentación disponible en http://localhost:3001/api/info","service":"hackbcn-payment-platform","timestamp":"2025-06-09T02:10:47.835Z"}
{"level":"info","message":"🔗 Health check en http://localhost:3001/api/health","service":"hackbcn-payment-platform","timestamp":"2025-06-09T02:10:47.835Z"}
{"ip":"::1","level":"info","message":"GET /api/events","service":"hackbcn-payment-platform","timestamp":"2025-06-09T10:39:16.307Z","userAgent":"curl/8.7.1"}
{"ip":"::1","level":"info","message":"GET /api/events/1/ticket-types","service":"hackbcn-payment-platform","timestamp":"2025-06-09T13:11:24.050Z","userAgent":"curl/8.7.1"}
{"level":"info","message":"🔄 Cerrando aplicación gracefully...","service":"hackbcn-payment-platform","timestamp":"2025-06-09T13:12:31.968Z"}
{"level":"info","message":"🚀 Iniciando HackBCN Payment Platform...","service":"hackbcn-payment-platform","timestamp":"2025-06-09T13:12:33.769Z"}
{"level":"info","message":"✅ Base de datos inicializada","service":"hackbcn-payment-platform","timestamp":"2025-06-09T13:12:33.771Z"}
{"level":"info","message":"ℹ️  Usuario administrador ya existe","service":"hackbcn-payment-platform","timestamp":"2025-06-09T13:12:33.774Z"}
{"level":"info","message":"🎫 HackBCN Payment Platform corriendo en puerto 3001","service":"hackbcn-payment-platform","timestamp":"2025-06-09T13:12:33.777Z"}
{"level":"info","message":"📖 Documentación disponible en http://localhost:3001/api/info","service":"hackbcn-payment-platform","timestamp":"2025-06-09T13:12:33.777Z"}
{"level":"info","message":"🔗 Health check en http://localhost:3001/api/health","service":"hackbcn-payment-platform","timestamp":"2025-06-09T13:12:33.777Z"}
{"level":"info","message":"🚀 Iniciando HackBCN Payment Platform...","service":"hackbcn-payment-platform","timestamp":"2025-06-09T22:51:51.931Z"}
{"level":"info","message":"✅ Base de datos inicializada","service":"hackbcn-payment-platform","timestamp":"2025-06-09T22:51:51.933Z"}
{"level":"info","message":"ℹ️  Usuario administrador ya existe","service":"hackbcn-payment-platform","timestamp":"2025-06-09T22:51:51.941Z"}
{"level":"info","message":"🎫 HackBCN Payment Platform corriendo en puerto 3002","service":"hackbcn-payment-platform","timestamp":"2025-06-09T22:51:51.943Z"}
{"level":"info","message":"📖 Documentación disponible en http://localhost:3002/api/info","service":"hackbcn-payment-platform","timestamp":"2025-06-09T22:51:51.943Z"}
{"level":"info","message":"🔗 Health check en http://localhost:3002/api/health","service":"hackbcn-payment-platform","timestamp":"2025-06-09T22:51:51.944Z"}
{"ip":"::1","level":"info","message":"GET /health","service":"hackbcn-payment-platform","timestamp":"2025-06-09T22:52:03.205Z","userAgent":"curl/8.7.1"}
